2022-12-25 10:59:40.737  INFO 1220 --- [main] com.server.app.ServerAppApplication      : Starting ServerAppApplication using Java 19.0.1 on DESKTOP-H7OS8JA with PID 1220 (D:\eclipse\projects\sample-2way-ssl-server\target\classes started by inpra in D:\eclipse\projects\sample-2way-ssl-server)
2022-12-25 10:59:40.741  INFO 1220 --- [main] com.server.app.ServerAppApplication      : No active profile set, falling back to default profiles: default
2022-12-25 10:59:41.982  INFO 1220 --- [main] o.s.b.w.embedded.tomcat.TomcatWebServer  : Tomcat initialized with port(s): 8443 (https)
2022-12-25 10:59:41.997  INFO 1220 --- [main] o.apache.catalina.core.StandardService   : Starting service [Tomcat]
2022-12-25 10:59:42.000  INFO 1220 --- [main] org.apache.catalina.core.StandardEngine  : Starting Servlet engine: [Apache Tomcat/9.0.44]
2022-12-25 10:59:42.113  INFO 1220 --- [main] o.a.c.c.C.[Tomcat].[localhost].[/]       : Initializing Spring embedded WebApplicationContext
2022-12-25 10:59:42.113  INFO 1220 --- [main] w.s.c.ServletWebServerApplicationContext : Root WebApplicationContext: initialization completed in 1287 ms
2022-12-25 10:59:42.336  INFO 1220 --- [main] o.s.s.concurrent.ThreadPoolTaskExecutor  : Initializing ExecutorService 'applicationTaskExecutor'
2022-12-25 10:59:42.950  INFO 1220 --- [main] o.s.b.w.embedded.tomcat.TomcatWebServer  : Tomcat started on port(s): 8443 (https) with context path ''
2022-12-25 10:59:43.018  INFO 1220 --- [main] com.server.app.ServerAppApplication      : Started ServerAppApplication in 3.08 seconds (JVM running for 3.796)
2022-12-25 11:00:50.687  INFO 1220 --- [SpringContextShutdownHook] o.s.s.concurrent.ThreadPoolTaskExecutor  : Shutting down ExecutorService 'applicationTaskExecutor'
2022-12-25 11:03:16.949  INFO 21112 --- [main] c.server.app.ServerAppApplicationTests   : Starting ServerAppApplicationTests using Java 19.0.1 on DESKTOP-H7OS8JA with PID 21112 (started by inpra in D:\eclipse\projects\sample-2way-ssl-server)
2022-12-25 11:03:16.957  INFO 21112 --- [main] c.server.app.ServerAppApplicationTests   : No active profile set, falling back to default profiles: default
2022-12-25 11:03:19.749  INFO 21112 --- [main] o.s.s.concurrent.ThreadPoolTaskExecutor  : Initializing ExecutorService 'applicationTaskExecutor'
2022-12-25 11:03:20.306  INFO 21112 --- [main] c.server.app.ServerAppApplicationTests   : Started ServerAppApplicationTests in 4.055 seconds (JVM running for 5.987)
2022-12-25 11:03:21.093  INFO 21112 --- [SpringContextShutdownHook] o.s.s.concurrent.ThreadPoolTaskExecutor  : Shutting down ExecutorService 'applicationTaskExecutor'
2022-12-25 11:56:33.061  INFO 10340 --- [main] com.server.app.ServerAppApplication      : Starting ServerAppApplication using Java 19.0.1 on DESKTOP-H7OS8JA with PID 10340 (D:\eclipse\projects\sample-2way-ssl-server\target\classes started by inpra in D:\eclipse\projects\sample-2way-ssl-server)
2022-12-25 11:56:33.065  INFO 10340 --- [main] com.server.app.ServerAppApplication      : No active profile set, falling back to default profiles: default
2022-12-25 11:56:34.315  INFO 10340 --- [main] o.s.b.w.embedded.tomcat.TomcatWebServer  : Tomcat initialized with port(s): 8443 (https)
2022-12-25 11:56:34.332  INFO 10340 --- [main] o.apache.catalina.core.StandardService   : Starting service [Tomcat]
2022-12-25 11:56:34.334  INFO 10340 --- [main] org.apache.catalina.core.StandardEngine  : Starting Servlet engine: [Apache Tomcat/9.0.44]
2022-12-25 11:56:34.476  INFO 10340 --- [main] o.a.c.c.C.[Tomcat].[localhost].[/]       : Initializing Spring embedded WebApplicationContext
2022-12-25 11:56:34.477  INFO 10340 --- [main] w.s.c.ServletWebServerApplicationContext : Root WebApplicationContext: initialization completed in 1328 ms
2022-12-25 11:56:34.713  INFO 10340 --- [main] o.s.s.concurrent.ThreadPoolTaskExecutor  : Initializing ExecutorService 'applicationTaskExecutor'
2022-12-25 11:56:35.163  WARN 10340 --- [main] ConfigServletWebServerApplicationContext : Exception encountered during context initialization - cancelling refresh attempt: org.springframework.context.ApplicationContextException: Failed to start bean 'webServerStartStop'; nested exception is org.springframework.boot.web.server.WebServerException: Unable to start embedded Tomcat server
2022-12-25 11:56:35.164  INFO 10340 --- [main] o.s.s.concurrent.ThreadPoolTaskExecutor  : Shutting down ExecutorService 'applicationTaskExecutor'
2022-12-25 11:56:35.169  INFO 10340 --- [main] o.apache.catalina.core.StandardService   : Stopping service [Tomcat]
2022-12-25 11:56:35.186  INFO 10340 --- [main] ConditionEvaluationReportLoggingListener : 

Error starting ApplicationContext. To display the conditions report re-run your application with 'debug' enabled.
2022-12-25 11:56:35.214 ERROR 10340 --- [main] o.s.boot.SpringApplication               : Application run failed

org.springframework.context.ApplicationContextException: Failed to start bean 'webServerStartStop'; nested exception is org.springframework.boot.web.server.WebServerException: Unable to start embedded Tomcat server
	at org.springframework.context.support.DefaultLifecycleProcessor.doStart(DefaultLifecycleProcessor.java:181) ~[spring-context-5.3.5.jar:5.3.5]
	at org.springframework.context.support.DefaultLifecycleProcessor.access$200(DefaultLifecycleProcessor.java:54) ~[spring-context-5.3.5.jar:5.3.5]
	at org.springframework.context.support.DefaultLifecycleProcessor$LifecycleGroup.start(DefaultLifecycleProcessor.java:356) ~[spring-context-5.3.5.jar:5.3.5]
	at java.base/java.lang.Iterable.forEach(Iterable.java:75) ~[na:na]
	at org.springframework.context.support.DefaultLifecycleProcessor.startBeans(DefaultLifecycleProcessor.java:155) ~[spring-context-5.3.5.jar:5.3.5]
	at org.springframework.context.support.DefaultLifecycleProcessor.onRefresh(DefaultLifecycleProcessor.java:123) ~[spring-context-5.3.5.jar:5.3.5]
	at org.springframework.context.support.AbstractApplicationContext.finishRefresh(AbstractApplicationContext.java:935) ~[spring-context-5.3.5.jar:5.3.5]
	at org.springframework.context.support.AbstractApplicationContext.refresh(AbstractApplicationContext.java:586) ~[spring-context-5.3.5.jar:5.3.5]
	at org.springframework.boot.web.servlet.context.ServletWebServerApplicationContext.refresh(ServletWebServerApplicationContext.java:144) ~[spring-boot-2.4.4.jar:2.4.4]
	at org.springframework.boot.SpringApplication.refresh(SpringApplication.java:769) ~[spring-boot-2.4.4.jar:2.4.4]
	at org.springframework.boot.SpringApplication.refresh(SpringApplication.java:761) ~[spring-boot-2.4.4.jar:2.4.4]
	at org.springframework.boot.SpringApplication.refreshContext(SpringApplication.java:426) ~[spring-boot-2.4.4.jar:2.4.4]
	at org.springframework.boot.SpringApplication.run(SpringApplication.java:326) ~[spring-boot-2.4.4.jar:2.4.4]
	at org.springframework.boot.SpringApplication.run(SpringApplication.java:1313) ~[spring-boot-2.4.4.jar:2.4.4]
	at org.springframework.boot.SpringApplication.run(SpringApplication.java:1302) ~[spring-boot-2.4.4.jar:2.4.4]
	at com.server.app.ServerAppApplication.main(ServerAppApplication.java:10) ~[classes/:na]
Caused by: org.springframework.boot.web.server.WebServerException: Unable to start embedded Tomcat server
	at org.springframework.boot.web.embedded.tomcat.TomcatWebServer.start(TomcatWebServer.java:229) ~[spring-boot-2.4.4.jar:2.4.4]
	at org.springframework.boot.web.servlet.context.WebServerStartStopLifecycle.start(WebServerStartStopLifecycle.java:43) ~[spring-boot-2.4.4.jar:2.4.4]
	at org.springframework.context.support.DefaultLifecycleProcessor.doStart(DefaultLifecycleProcessor.java:178) ~[spring-context-5.3.5.jar:5.3.5]
	... 15 common frames omitted
Caused by: java.lang.IllegalArgumentException: standardService.connector.startFailed
	at org.apache.catalina.core.StandardService.addConnector(StandardService.java:244) ~[tomcat-embed-core-9.0.44.jar:9.0.44]
	at org.springframework.boot.web.embedded.tomcat.TomcatWebServer.addPreviouslyRemovedConnectors(TomcatWebServer.java:282) ~[spring-boot-2.4.4.jar:2.4.4]
	at org.springframework.boot.web.embedded.tomcat.TomcatWebServer.start(TomcatWebServer.java:213) ~[spring-boot-2.4.4.jar:2.4.4]
	... 17 common frames omitted
Caused by: org.apache.catalina.LifecycleException: Protocol handler start failed
	at org.apache.catalina.connector.Connector.startInternal(Connector.java:1075) ~[tomcat-embed-core-9.0.44.jar:9.0.44]
	at org.apache.catalina.util.LifecycleBase.start(LifecycleBase.java:183) ~[tomcat-embed-core-9.0.44.jar:9.0.44]
	at org.apache.catalina.core.StandardService.addConnector(StandardService.java:240) ~[tomcat-embed-core-9.0.44.jar:9.0.44]
	... 19 common frames omitted
Caused by: java.lang.IllegalArgumentException: the trustAnchors parameter must be non-empty
	at org.apache.tomcat.util.net.AbstractJsseEndpoint.createSSLContext(AbstractJsseEndpoint.java:99) ~[tomcat-embed-core-9.0.44.jar:9.0.44]
	at org.apache.tomcat.util.net.AbstractJsseEndpoint.initialiseSsl(AbstractJsseEndpoint.java:71) ~[tomcat-embed-core-9.0.44.jar:9.0.44]
	at org.apache.tomcat.util.net.NioEndpoint.bind(NioEndpoint.java:258) ~[tomcat-embed-core-9.0.44.jar:9.0.44]
	at org.apache.tomcat.util.net.AbstractEndpoint.bindWithCleanup(AbstractEndpoint.java:1204) ~[tomcat-embed-core-9.0.44.jar:9.0.44]
	at org.apache.tomcat.util.net.AbstractEndpoint.start(AbstractEndpoint.java:1290) ~[tomcat-embed-core-9.0.44.jar:9.0.44]
	at org.apache.coyote.AbstractProtocol.start(AbstractProtocol.java:614) ~[tomcat-embed-core-9.0.44.jar:9.0.44]
	at org.apache.catalina.connector.Connector.startInternal(Connector.java:1072) ~[tomcat-embed-core-9.0.44.jar:9.0.44]
	... 21 common frames omitted
Caused by: java.security.InvalidAlgorithmParameterException: the trustAnchors parameter must be non-empty
	at java.base/java.security.cert.PKIXParameters.setTrustAnchors(PKIXParameters.java:200) ~[na:na]
	at java.base/java.security.cert.PKIXParameters.<init>(PKIXParameters.java:157) ~[na:na]
	at java.base/java.security.cert.PKIXBuilderParameters.<init>(PKIXBuilderParameters.java:130) ~[na:na]
	at org.apache.tomcat.util.net.SSLUtilBase.getParameters(SSLUtilBase.java:501) ~[tomcat-embed-core-9.0.44.jar:9.0.44]
	at org.apache.tomcat.util.net.SSLUtilBase.getTrustManagers(SSLUtilBase.java:432) ~[tomcat-embed-core-9.0.44.jar:9.0.44]
	at org.apache.tomcat.util.net.SSLUtilBase.createSSLContext(SSLUtilBase.java:246) ~[tomcat-embed-core-9.0.44.jar:9.0.44]
	at org.apache.tomcat.util.net.AbstractJsseEndpoint.createSSLContext(AbstractJsseEndpoint.java:97) ~[tomcat-embed-core-9.0.44.jar:9.0.44]
	... 27 common frames omitted

2022-12-25 12:00:01.299  INFO 22716 --- [main] com.server.app.ServerAppApplication      : Starting ServerAppApplication using Java 19.0.1 on DESKTOP-H7OS8JA with PID 22716 (D:\eclipse\projects\sample-2way-ssl-server\target\classes started by inpra in D:\eclipse\projects\sample-2way-ssl-server)
2022-12-25 12:00:01.305  INFO 22716 --- [main] com.server.app.ServerAppApplication      : No active profile set, falling back to default profiles: default
2022-12-25 12:00:02.639  INFO 22716 --- [main] o.s.b.w.embedded.tomcat.TomcatWebServer  : Tomcat initialized with port(s): 8443 (https)
2022-12-25 12:00:02.662  INFO 22716 --- [main] o.apache.catalina.core.StandardService   : Starting service [Tomcat]
2022-12-25 12:00:02.663  INFO 22716 --- [main] org.apache.catalina.core.StandardEngine  : Starting Servlet engine: [Apache Tomcat/9.0.44]
2022-12-25 12:00:02.782  INFO 22716 --- [main] o.a.c.c.C.[Tomcat].[localhost].[/]       : Initializing Spring embedded WebApplicationContext
2022-12-25 12:00:02.782  INFO 22716 --- [main] w.s.c.ServletWebServerApplicationContext : Root WebApplicationContext: initialization completed in 1388 ms
2022-12-25 12:00:03.028  INFO 22716 --- [main] o.s.s.concurrent.ThreadPoolTaskExecutor  : Initializing ExecutorService 'applicationTaskExecutor'
2022-12-25 12:00:03.484  WARN 22716 --- [main] ConfigServletWebServerApplicationContext : Exception encountered during context initialization - cancelling refresh attempt: org.springframework.context.ApplicationContextException: Failed to start bean 'webServerStartStop'; nested exception is org.springframework.boot.web.server.WebServerException: Unable to start embedded Tomcat server
2022-12-25 12:00:03.485  INFO 22716 --- [main] o.s.s.concurrent.ThreadPoolTaskExecutor  : Shutting down ExecutorService 'applicationTaskExecutor'
2022-12-25 12:00:03.489  INFO 22716 --- [main] o.apache.catalina.core.StandardService   : Stopping service [Tomcat]
2022-12-25 12:00:03.506  INFO 22716 --- [main] ConditionEvaluationReportLoggingListener : 

Error starting ApplicationContext. To display the conditions report re-run your application with 'debug' enabled.
2022-12-25 12:00:03.537 ERROR 22716 --- [main] o.s.boot.SpringApplication               : Application run failed

org.springframework.context.ApplicationContextException: Failed to start bean 'webServerStartStop'; nested exception is org.springframework.boot.web.server.WebServerException: Unable to start embedded Tomcat server
	at org.springframework.context.support.DefaultLifecycleProcessor.doStart(DefaultLifecycleProcessor.java:181) ~[spring-context-5.3.5.jar:5.3.5]
	at org.springframework.context.support.DefaultLifecycleProcessor.access$200(DefaultLifecycleProcessor.java:54) ~[spring-context-5.3.5.jar:5.3.5]
	at org.springframework.context.support.DefaultLifecycleProcessor$LifecycleGroup.start(DefaultLifecycleProcessor.java:356) ~[spring-context-5.3.5.jar:5.3.5]
	at java.base/java.lang.Iterable.forEach(Iterable.java:75) ~[na:na]
	at org.springframework.context.support.DefaultLifecycleProcessor.startBeans(DefaultLifecycleProcessor.java:155) ~[spring-context-5.3.5.jar:5.3.5]
	at org.springframework.context.support.DefaultLifecycleProcessor.onRefresh(DefaultLifecycleProcessor.java:123) ~[spring-context-5.3.5.jar:5.3.5]
	at org.springframework.context.support.AbstractApplicationContext.finishRefresh(AbstractApplicationContext.java:935) ~[spring-context-5.3.5.jar:5.3.5]
	at org.springframework.context.support.AbstractApplicationContext.refresh(AbstractApplicationContext.java:586) ~[spring-context-5.3.5.jar:5.3.5]
	at org.springframework.boot.web.servlet.context.ServletWebServerApplicationContext.refresh(ServletWebServerApplicationContext.java:144) ~[spring-boot-2.4.4.jar:2.4.4]
	at org.springframework.boot.SpringApplication.refresh(SpringApplication.java:769) ~[spring-boot-2.4.4.jar:2.4.4]
	at org.springframework.boot.SpringApplication.refresh(SpringApplication.java:761) ~[spring-boot-2.4.4.jar:2.4.4]
	at org.springframework.boot.SpringApplication.refreshContext(SpringApplication.java:426) ~[spring-boot-2.4.4.jar:2.4.4]
	at org.springframework.boot.SpringApplication.run(SpringApplication.java:326) ~[spring-boot-2.4.4.jar:2.4.4]
	at org.springframework.boot.SpringApplication.run(SpringApplication.java:1313) ~[spring-boot-2.4.4.jar:2.4.4]
	at org.springframework.boot.SpringApplication.run(SpringApplication.java:1302) ~[spring-boot-2.4.4.jar:2.4.4]
	at com.server.app.ServerAppApplication.main(ServerAppApplication.java:10) ~[classes/:na]
Caused by: org.springframework.boot.web.server.WebServerException: Unable to start embedded Tomcat server
	at org.springframework.boot.web.embedded.tomcat.TomcatWebServer.start(TomcatWebServer.java:229) ~[spring-boot-2.4.4.jar:2.4.4]
	at org.springframework.boot.web.servlet.context.WebServerStartStopLifecycle.start(WebServerStartStopLifecycle.java:43) ~[spring-boot-2.4.4.jar:2.4.4]
	at org.springframework.context.support.DefaultLifecycleProcessor.doStart(DefaultLifecycleProcessor.java:178) ~[spring-context-5.3.5.jar:5.3.5]
	... 15 common frames omitted
Caused by: java.lang.IllegalArgumentException: standardService.connector.startFailed
	at org.apache.catalina.core.StandardService.addConnector(StandardService.java:244) ~[tomcat-embed-core-9.0.44.jar:9.0.44]
	at org.springframework.boot.web.embedded.tomcat.TomcatWebServer.addPreviouslyRemovedConnectors(TomcatWebServer.java:282) ~[spring-boot-2.4.4.jar:2.4.4]
	at org.springframework.boot.web.embedded.tomcat.TomcatWebServer.start(TomcatWebServer.java:213) ~[spring-boot-2.4.4.jar:2.4.4]
	... 17 common frames omitted
Caused by: org.apache.catalina.LifecycleException: Protocol handler start failed
	at org.apache.catalina.connector.Connector.startInternal(Connector.java:1075) ~[tomcat-embed-core-9.0.44.jar:9.0.44]
	at org.apache.catalina.util.LifecycleBase.start(LifecycleBase.java:183) ~[tomcat-embed-core-9.0.44.jar:9.0.44]
	at org.apache.catalina.core.StandardService.addConnector(StandardService.java:240) ~[tomcat-embed-core-9.0.44.jar:9.0.44]
	... 19 common frames omitted
Caused by: java.lang.IllegalArgumentException: the trustAnchors parameter must be non-empty
	at org.apache.tomcat.util.net.AbstractJsseEndpoint.createSSLContext(AbstractJsseEndpoint.java:99) ~[tomcat-embed-core-9.0.44.jar:9.0.44]
	at org.apache.tomcat.util.net.AbstractJsseEndpoint.initialiseSsl(AbstractJsseEndpoint.java:71) ~[tomcat-embed-core-9.0.44.jar:9.0.44]
	at org.apache.tomcat.util.net.NioEndpoint.bind(NioEndpoint.java:258) ~[tomcat-embed-core-9.0.44.jar:9.0.44]
	at org.apache.tomcat.util.net.AbstractEndpoint.bindWithCleanup(AbstractEndpoint.java:1204) ~[tomcat-embed-core-9.0.44.jar:9.0.44]
	at org.apache.tomcat.util.net.AbstractEndpoint.start(AbstractEndpoint.java:1290) ~[tomcat-embed-core-9.0.44.jar:9.0.44]
	at org.apache.coyote.AbstractProtocol.start(AbstractProtocol.java:614) ~[tomcat-embed-core-9.0.44.jar:9.0.44]
	at org.apache.catalina.connector.Connector.startInternal(Connector.java:1072) ~[tomcat-embed-core-9.0.44.jar:9.0.44]
	... 21 common frames omitted
Caused by: java.security.InvalidAlgorithmParameterException: the trustAnchors parameter must be non-empty
	at java.base/java.security.cert.PKIXParameters.setTrustAnchors(PKIXParameters.java:200) ~[na:na]
	at java.base/java.security.cert.PKIXParameters.<init>(PKIXParameters.java:157) ~[na:na]
	at java.base/java.security.cert.PKIXBuilderParameters.<init>(PKIXBuilderParameters.java:130) ~[na:na]
	at org.apache.tomcat.util.net.SSLUtilBase.getParameters(SSLUtilBase.java:501) ~[tomcat-embed-core-9.0.44.jar:9.0.44]
	at org.apache.tomcat.util.net.SSLUtilBase.getTrustManagers(SSLUtilBase.java:432) ~[tomcat-embed-core-9.0.44.jar:9.0.44]
	at org.apache.tomcat.util.net.SSLUtilBase.createSSLContext(SSLUtilBase.java:246) ~[tomcat-embed-core-9.0.44.jar:9.0.44]
	at org.apache.tomcat.util.net.AbstractJsseEndpoint.createSSLContext(AbstractJsseEndpoint.java:97) ~[tomcat-embed-core-9.0.44.jar:9.0.44]
	... 27 common frames omitted

2022-12-25 12:07:22.403  INFO 7800 --- [main] com.server.app.ServerAppApplication      : Starting ServerAppApplication using Java 19.0.1 on DESKTOP-H7OS8JA with PID 7800 (D:\eclipse\projects\sample-2way-ssl-server\target\classes started by inpra in D:\eclipse\projects\sample-2way-ssl-server)
2022-12-25 12:07:22.407  INFO 7800 --- [main] com.server.app.ServerAppApplication      : No active profile set, falling back to default profiles: default
2022-12-25 12:07:23.688  INFO 7800 --- [main] o.s.b.w.embedded.tomcat.TomcatWebServer  : Tomcat initialized with port(s): 8443 (https)
2022-12-25 12:07:23.705  INFO 7800 --- [main] o.apache.catalina.core.StandardService   : Starting service [Tomcat]
2022-12-25 12:07:23.706  INFO 7800 --- [main] org.apache.catalina.core.StandardEngine  : Starting Servlet engine: [Apache Tomcat/9.0.44]
2022-12-25 12:07:23.826  INFO 7800 --- [main] o.a.c.c.C.[Tomcat].[localhost].[/]       : Initializing Spring embedded WebApplicationContext
2022-12-25 12:07:23.827  INFO 7800 --- [main] w.s.c.ServletWebServerApplicationContext : Root WebApplicationContext: initialization completed in 1331 ms
2022-12-25 12:07:24.056  INFO 7800 --- [main] o.s.s.concurrent.ThreadPoolTaskExecutor  : Initializing ExecutorService 'applicationTaskExecutor'
2022-12-25 12:07:24.490  WARN 7800 --- [main] ConfigServletWebServerApplicationContext : Exception encountered during context initialization - cancelling refresh attempt: org.springframework.context.ApplicationContextException: Failed to start bean 'webServerStartStop'; nested exception is org.springframework.boot.web.server.WebServerException: Unable to start embedded Tomcat server
2022-12-25 12:07:24.491  INFO 7800 --- [main] o.s.s.concurrent.ThreadPoolTaskExecutor  : Shutting down ExecutorService 'applicationTaskExecutor'
2022-12-25 12:07:24.495  INFO 7800 --- [main] o.apache.catalina.core.StandardService   : Stopping service [Tomcat]
2022-12-25 12:07:24.515  INFO 7800 --- [main] ConditionEvaluationReportLoggingListener : 

Error starting ApplicationContext. To display the conditions report re-run your application with 'debug' enabled.
2022-12-25 12:07:24.548 ERROR 7800 --- [main] o.s.boot.SpringApplication               : Application run failed

org.springframework.context.ApplicationContextException: Failed to start bean 'webServerStartStop'; nested exception is org.springframework.boot.web.server.WebServerException: Unable to start embedded Tomcat server
	at org.springframework.context.support.DefaultLifecycleProcessor.doStart(DefaultLifecycleProcessor.java:181) ~[spring-context-5.3.5.jar:5.3.5]
	at org.springframework.context.support.DefaultLifecycleProcessor.access$200(DefaultLifecycleProcessor.java:54) ~[spring-context-5.3.5.jar:5.3.5]
	at org.springframework.context.support.DefaultLifecycleProcessor$LifecycleGroup.start(DefaultLifecycleProcessor.java:356) ~[spring-context-5.3.5.jar:5.3.5]
	at java.base/java.lang.Iterable.forEach(Iterable.java:75) ~[na:na]
	at org.springframework.context.support.DefaultLifecycleProcessor.startBeans(DefaultLifecycleProcessor.java:155) ~[spring-context-5.3.5.jar:5.3.5]
	at org.springframework.context.support.DefaultLifecycleProcessor.onRefresh(DefaultLifecycleProcessor.java:123) ~[spring-context-5.3.5.jar:5.3.5]
	at org.springframework.context.support.AbstractApplicationContext.finishRefresh(AbstractApplicationContext.java:935) ~[spring-context-5.3.5.jar:5.3.5]
	at org.springframework.context.support.AbstractApplicationContext.refresh(AbstractApplicationContext.java:586) ~[spring-context-5.3.5.jar:5.3.5]
	at org.springframework.boot.web.servlet.context.ServletWebServerApplicationContext.refresh(ServletWebServerApplicationContext.java:144) ~[spring-boot-2.4.4.jar:2.4.4]
	at org.springframework.boot.SpringApplication.refresh(SpringApplication.java:769) ~[spring-boot-2.4.4.jar:2.4.4]
	at org.springframework.boot.SpringApplication.refresh(SpringApplication.java:761) ~[spring-boot-2.4.4.jar:2.4.4]
	at org.springframework.boot.SpringApplication.refreshContext(SpringApplication.java:426) ~[spring-boot-2.4.4.jar:2.4.4]
	at org.springframework.boot.SpringApplication.run(SpringApplication.java:326) ~[spring-boot-2.4.4.jar:2.4.4]
	at org.springframework.boot.SpringApplication.run(SpringApplication.java:1313) ~[spring-boot-2.4.4.jar:2.4.4]
	at org.springframework.boot.SpringApplication.run(SpringApplication.java:1302) ~[spring-boot-2.4.4.jar:2.4.4]
	at com.server.app.ServerAppApplication.main(ServerAppApplication.java:10) ~[classes/:na]
Caused by: org.springframework.boot.web.server.WebServerException: Unable to start embedded Tomcat server
	at org.springframework.boot.web.embedded.tomcat.TomcatWebServer.start(TomcatWebServer.java:229) ~[spring-boot-2.4.4.jar:2.4.4]
	at org.springframework.boot.web.servlet.context.WebServerStartStopLifecycle.start(WebServerStartStopLifecycle.java:43) ~[spring-boot-2.4.4.jar:2.4.4]
	at org.springframework.context.support.DefaultLifecycleProcessor.doStart(DefaultLifecycleProcessor.java:178) ~[spring-context-5.3.5.jar:5.3.5]
	... 15 common frames omitted
Caused by: java.lang.IllegalArgumentException: standardService.connector.startFailed
	at org.apache.catalina.core.StandardService.addConnector(StandardService.java:244) ~[tomcat-embed-core-9.0.44.jar:9.0.44]
	at org.springframework.boot.web.embedded.tomcat.TomcatWebServer.addPreviouslyRemovedConnectors(TomcatWebServer.java:282) ~[spring-boot-2.4.4.jar:2.4.4]
	at org.springframework.boot.web.embedded.tomcat.TomcatWebServer.start(TomcatWebServer.java:213) ~[spring-boot-2.4.4.jar:2.4.4]
	... 17 common frames omitted
Caused by: org.apache.catalina.LifecycleException: Protocol handler start failed
	at org.apache.catalina.connector.Connector.startInternal(Connector.java:1075) ~[tomcat-embed-core-9.0.44.jar:9.0.44]
	at org.apache.catalina.util.LifecycleBase.start(LifecycleBase.java:183) ~[tomcat-embed-core-9.0.44.jar:9.0.44]
	at org.apache.catalina.core.StandardService.addConnector(StandardService.java:240) ~[tomcat-embed-core-9.0.44.jar:9.0.44]
	... 19 common frames omitted
Caused by: java.lang.IllegalArgumentException: the trustAnchors parameter must be non-empty
	at org.apache.tomcat.util.net.AbstractJsseEndpoint.createSSLContext(AbstractJsseEndpoint.java:99) ~[tomcat-embed-core-9.0.44.jar:9.0.44]
	at org.apache.tomcat.util.net.AbstractJsseEndpoint.initialiseSsl(AbstractJsseEndpoint.java:71) ~[tomcat-embed-core-9.0.44.jar:9.0.44]
	at org.apache.tomcat.util.net.NioEndpoint.bind(NioEndpoint.java:258) ~[tomcat-embed-core-9.0.44.jar:9.0.44]
	at org.apache.tomcat.util.net.AbstractEndpoint.bindWithCleanup(AbstractEndpoint.java:1204) ~[tomcat-embed-core-9.0.44.jar:9.0.44]
	at org.apache.tomcat.util.net.AbstractEndpoint.start(AbstractEndpoint.java:1290) ~[tomcat-embed-core-9.0.44.jar:9.0.44]
	at org.apache.coyote.AbstractProtocol.start(AbstractProtocol.java:614) ~[tomcat-embed-core-9.0.44.jar:9.0.44]
	at org.apache.catalina.connector.Connector.startInternal(Connector.java:1072) ~[tomcat-embed-core-9.0.44.jar:9.0.44]
	... 21 common frames omitted
Caused by: java.security.InvalidAlgorithmParameterException: the trustAnchors parameter must be non-empty
	at java.base/java.security.cert.PKIXParameters.setTrustAnchors(PKIXParameters.java:200) ~[na:na]
	at java.base/java.security.cert.PKIXParameters.<init>(PKIXParameters.java:157) ~[na:na]
	at java.base/java.security.cert.PKIXBuilderParameters.<init>(PKIXBuilderParameters.java:130) ~[na:na]
	at org.apache.tomcat.util.net.SSLUtilBase.getParameters(SSLUtilBase.java:501) ~[tomcat-embed-core-9.0.44.jar:9.0.44]
	at org.apache.tomcat.util.net.SSLUtilBase.getTrustManagers(SSLUtilBase.java:432) ~[tomcat-embed-core-9.0.44.jar:9.0.44]
	at org.apache.tomcat.util.net.SSLUtilBase.createSSLContext(SSLUtilBase.java:246) ~[tomcat-embed-core-9.0.44.jar:9.0.44]
	at org.apache.tomcat.util.net.AbstractJsseEndpoint.createSSLContext(AbstractJsseEndpoint.java:97) ~[tomcat-embed-core-9.0.44.jar:9.0.44]
	... 27 common frames omitted

2022-12-25 12:13:56.864  INFO 14708 --- [main] com.server.app.ServerAppApplication      : Starting ServerAppApplication using Java 19.0.1 on DESKTOP-H7OS8JA with PID 14708 (D:\eclipse\projects\sample-2way-ssl-server\target\classes started by inpra in D:\eclipse\projects\sample-2way-ssl-server)
2022-12-25 12:13:56.870  INFO 14708 --- [main] com.server.app.ServerAppApplication      : No active profile set, falling back to default profiles: default
2022-12-25 12:13:58.121  INFO 14708 --- [main] o.s.b.w.embedded.tomcat.TomcatWebServer  : Tomcat initialized with port(s): 8443 (https)
2022-12-25 12:13:58.140  INFO 14708 --- [main] o.apache.catalina.core.StandardService   : Starting service [Tomcat]
2022-12-25 12:13:58.141  INFO 14708 --- [main] org.apache.catalina.core.StandardEngine  : Starting Servlet engine: [Apache Tomcat/9.0.44]
2022-12-25 12:13:58.291  INFO 14708 --- [main] o.a.c.c.C.[Tomcat].[localhost].[/]       : Initializing Spring embedded WebApplicationContext
2022-12-25 12:13:58.292  INFO 14708 --- [main] w.s.c.ServletWebServerApplicationContext : Root WebApplicationContext: initialization completed in 1344 ms
2022-12-25 12:13:58.524  INFO 14708 --- [main] o.s.s.concurrent.ThreadPoolTaskExecutor  : Initializing ExecutorService 'applicationTaskExecutor'
2022-12-25 12:13:58.967  WARN 14708 --- [main] ConfigServletWebServerApplicationContext : Exception encountered during context initialization - cancelling refresh attempt: org.springframework.context.ApplicationContextException: Failed to start bean 'webServerStartStop'; nested exception is org.springframework.boot.web.server.WebServerException: Unable to start embedded Tomcat server
2022-12-25 12:13:58.968  INFO 14708 --- [main] o.s.s.concurrent.ThreadPoolTaskExecutor  : Shutting down ExecutorService 'applicationTaskExecutor'
2022-12-25 12:13:58.973  INFO 14708 --- [main] o.apache.catalina.core.StandardService   : Stopping service [Tomcat]
2022-12-25 12:13:58.990  INFO 14708 --- [main] ConditionEvaluationReportLoggingListener : 

Error starting ApplicationContext. To display the conditions report re-run your application with 'debug' enabled.
2022-12-25 12:13:59.016 ERROR 14708 --- [main] o.s.boot.SpringApplication               : Application run failed

org.springframework.context.ApplicationContextException: Failed to start bean 'webServerStartStop'; nested exception is org.springframework.boot.web.server.WebServerException: Unable to start embedded Tomcat server
	at org.springframework.context.support.DefaultLifecycleProcessor.doStart(DefaultLifecycleProcessor.java:181) ~[spring-context-5.3.5.jar:5.3.5]
	at org.springframework.context.support.DefaultLifecycleProcessor.access$200(DefaultLifecycleProcessor.java:54) ~[spring-context-5.3.5.jar:5.3.5]
	at org.springframework.context.support.DefaultLifecycleProcessor$LifecycleGroup.start(DefaultLifecycleProcessor.java:356) ~[spring-context-5.3.5.jar:5.3.5]
	at java.base/java.lang.Iterable.forEach(Iterable.java:75) ~[na:na]
	at org.springframework.context.support.DefaultLifecycleProcessor.startBeans(DefaultLifecycleProcessor.java:155) ~[spring-context-5.3.5.jar:5.3.5]
	at org.springframework.context.support.DefaultLifecycleProcessor.onRefresh(DefaultLifecycleProcessor.java:123) ~[spring-context-5.3.5.jar:5.3.5]
	at org.springframework.context.support.AbstractApplicationContext.finishRefresh(AbstractApplicationContext.java:935) ~[spring-context-5.3.5.jar:5.3.5]
	at org.springframework.context.support.AbstractApplicationContext.refresh(AbstractApplicationContext.java:586) ~[spring-context-5.3.5.jar:5.3.5]
	at org.springframework.boot.web.servlet.context.ServletWebServerApplicationContext.refresh(ServletWebServerApplicationContext.java:144) ~[spring-boot-2.4.4.jar:2.4.4]
	at org.springframework.boot.SpringApplication.refresh(SpringApplication.java:769) ~[spring-boot-2.4.4.jar:2.4.4]
	at org.springframework.boot.SpringApplication.refresh(SpringApplication.java:761) ~[spring-boot-2.4.4.jar:2.4.4]
	at org.springframework.boot.SpringApplication.refreshContext(SpringApplication.java:426) ~[spring-boot-2.4.4.jar:2.4.4]
	at org.springframework.boot.SpringApplication.run(SpringApplication.java:326) ~[spring-boot-2.4.4.jar:2.4.4]
	at org.springframework.boot.SpringApplication.run(SpringApplication.java:1313) ~[spring-boot-2.4.4.jar:2.4.4]
	at org.springframework.boot.SpringApplication.run(SpringApplication.java:1302) ~[spring-boot-2.4.4.jar:2.4.4]
	at com.server.app.ServerAppApplication.main(ServerAppApplication.java:10) ~[classes/:na]
Caused by: org.springframework.boot.web.server.WebServerException: Unable to start embedded Tomcat server
	at org.springframework.boot.web.embedded.tomcat.TomcatWebServer.start(TomcatWebServer.java:229) ~[spring-boot-2.4.4.jar:2.4.4]
	at org.springframework.boot.web.servlet.context.WebServerStartStopLifecycle.start(WebServerStartStopLifecycle.java:43) ~[spring-boot-2.4.4.jar:2.4.4]
	at org.springframework.context.support.DefaultLifecycleProcessor.doStart(DefaultLifecycleProcessor.java:178) ~[spring-context-5.3.5.jar:5.3.5]
	... 15 common frames omitted
Caused by: java.lang.IllegalArgumentException: standardService.connector.startFailed
	at org.apache.catalina.core.StandardService.addConnector(StandardService.java:244) ~[tomcat-embed-core-9.0.44.jar:9.0.44]
	at org.springframework.boot.web.embedded.tomcat.TomcatWebServer.addPreviouslyRemovedConnectors(TomcatWebServer.java:282) ~[spring-boot-2.4.4.jar:2.4.4]
	at org.springframework.boot.web.embedded.tomcat.TomcatWebServer.start(TomcatWebServer.java:213) ~[spring-boot-2.4.4.jar:2.4.4]
	... 17 common frames omitted
Caused by: org.apache.catalina.LifecycleException: Protocol handler start failed
	at org.apache.catalina.connector.Connector.startInternal(Connector.java:1075) ~[tomcat-embed-core-9.0.44.jar:9.0.44]
	at org.apache.catalina.util.LifecycleBase.start(LifecycleBase.java:183) ~[tomcat-embed-core-9.0.44.jar:9.0.44]
	at org.apache.catalina.core.StandardService.addConnector(StandardService.java:240) ~[tomcat-embed-core-9.0.44.jar:9.0.44]
	... 19 common frames omitted
Caused by: java.lang.IllegalArgumentException: the trustAnchors parameter must be non-empty
	at org.apache.tomcat.util.net.AbstractJsseEndpoint.createSSLContext(AbstractJsseEndpoint.java:99) ~[tomcat-embed-core-9.0.44.jar:9.0.44]
	at org.apache.tomcat.util.net.AbstractJsseEndpoint.initialiseSsl(AbstractJsseEndpoint.java:71) ~[tomcat-embed-core-9.0.44.jar:9.0.44]
	at org.apache.tomcat.util.net.NioEndpoint.bind(NioEndpoint.java:258) ~[tomcat-embed-core-9.0.44.jar:9.0.44]
	at org.apache.tomcat.util.net.AbstractEndpoint.bindWithCleanup(AbstractEndpoint.java:1204) ~[tomcat-embed-core-9.0.44.jar:9.0.44]
	at org.apache.tomcat.util.net.AbstractEndpoint.start(AbstractEndpoint.java:1290) ~[tomcat-embed-core-9.0.44.jar:9.0.44]
	at org.apache.coyote.AbstractProtocol.start(AbstractProtocol.java:614) ~[tomcat-embed-core-9.0.44.jar:9.0.44]
	at org.apache.catalina.connector.Connector.startInternal(Connector.java:1072) ~[tomcat-embed-core-9.0.44.jar:9.0.44]
	... 21 common frames omitted
Caused by: java.security.InvalidAlgorithmParameterException: the trustAnchors parameter must be non-empty
	at java.base/java.security.cert.PKIXParameters.setTrustAnchors(PKIXParameters.java:200) ~[na:na]
	at java.base/java.security.cert.PKIXParameters.<init>(PKIXParameters.java:157) ~[na:na]
	at java.base/java.security.cert.PKIXBuilderParameters.<init>(PKIXBuilderParameters.java:130) ~[na:na]
	at org.apache.tomcat.util.net.SSLUtilBase.getParameters(SSLUtilBase.java:501) ~[tomcat-embed-core-9.0.44.jar:9.0.44]
	at org.apache.tomcat.util.net.SSLUtilBase.getTrustManagers(SSLUtilBase.java:432) ~[tomcat-embed-core-9.0.44.jar:9.0.44]
	at org.apache.tomcat.util.net.SSLUtilBase.createSSLContext(SSLUtilBase.java:246) ~[tomcat-embed-core-9.0.44.jar:9.0.44]
	at org.apache.tomcat.util.net.AbstractJsseEndpoint.createSSLContext(AbstractJsseEndpoint.java:97) ~[tomcat-embed-core-9.0.44.jar:9.0.44]
	... 27 common frames omitted

2022-12-25 12:16:15.079  INFO 9720 --- [main] com.server.app.ServerAppApplication      : Starting ServerAppApplication using Java 19.0.1 on DESKTOP-H7OS8JA with PID 9720 (D:\eclipse\projects\sample-2way-ssl-server\target\classes started by inpra in D:\eclipse\projects\sample-2way-ssl-server)
2022-12-25 12:16:15.082  INFO 9720 --- [main] com.server.app.ServerAppApplication      : No active profile set, falling back to default profiles: default
2022-12-25 12:16:16.355  INFO 9720 --- [main] o.s.b.w.embedded.tomcat.TomcatWebServer  : Tomcat initialized with port(s): 8443 (https)
2022-12-25 12:16:16.374  INFO 9720 --- [main] o.apache.catalina.core.StandardService   : Starting service [Tomcat]
2022-12-25 12:16:16.375  INFO 9720 --- [main] org.apache.catalina.core.StandardEngine  : Starting Servlet engine: [Apache Tomcat/9.0.44]
2022-12-25 12:16:16.506  INFO 9720 --- [main] o.a.c.c.C.[Tomcat].[localhost].[/]       : Initializing Spring embedded WebApplicationContext
2022-12-25 12:16:16.507  INFO 9720 --- [main] w.s.c.ServletWebServerApplicationContext : Root WebApplicationContext: initialization completed in 1340 ms
2022-12-25 12:16:16.733  INFO 9720 --- [main] o.s.s.concurrent.ThreadPoolTaskExecutor  : Initializing ExecutorService 'applicationTaskExecutor'
2022-12-25 12:16:17.368  WARN 9720 --- [main] ConfigServletWebServerApplicationContext : Exception encountered during context initialization - cancelling refresh attempt: org.springframework.context.ApplicationContextException: Failed to start bean 'webServerStartStop'; nested exception is org.springframework.boot.web.server.WebServerException: Unable to start embedded Tomcat server
2022-12-25 12:16:17.369  INFO 9720 --- [main] o.s.s.concurrent.ThreadPoolTaskExecutor  : Shutting down ExecutorService 'applicationTaskExecutor'
2022-12-25 12:16:17.375  INFO 9720 --- [main] o.apache.catalina.core.StandardService   : Stopping service [Tomcat]
2022-12-25 12:16:17.392  INFO 9720 --- [main] ConditionEvaluationReportLoggingListener : 

Error starting ApplicationContext. To display the conditions report re-run your application with 'debug' enabled.
2022-12-25 12:16:17.426 ERROR 9720 --- [main] o.s.boot.SpringApplication               : Application run failed

org.springframework.context.ApplicationContextException: Failed to start bean 'webServerStartStop'; nested exception is org.springframework.boot.web.server.WebServerException: Unable to start embedded Tomcat server
	at org.springframework.context.support.DefaultLifecycleProcessor.doStart(DefaultLifecycleProcessor.java:181) ~[spring-context-5.3.5.jar:5.3.5]
	at org.springframework.context.support.DefaultLifecycleProcessor.access$200(DefaultLifecycleProcessor.java:54) ~[spring-context-5.3.5.jar:5.3.5]
	at org.springframework.context.support.DefaultLifecycleProcessor$LifecycleGroup.start(DefaultLifecycleProcessor.java:356) ~[spring-context-5.3.5.jar:5.3.5]
	at java.base/java.lang.Iterable.forEach(Iterable.java:75) ~[na:na]
	at org.springframework.context.support.DefaultLifecycleProcessor.startBeans(DefaultLifecycleProcessor.java:155) ~[spring-context-5.3.5.jar:5.3.5]
	at org.springframework.context.support.DefaultLifecycleProcessor.onRefresh(DefaultLifecycleProcessor.java:123) ~[spring-context-5.3.5.jar:5.3.5]
	at org.springframework.context.support.AbstractApplicationContext.finishRefresh(AbstractApplicationContext.java:935) ~[spring-context-5.3.5.jar:5.3.5]
	at org.springframework.context.support.AbstractApplicationContext.refresh(AbstractApplicationContext.java:586) ~[spring-context-5.3.5.jar:5.3.5]
	at org.springframework.boot.web.servlet.context.ServletWebServerApplicationContext.refresh(ServletWebServerApplicationContext.java:144) ~[spring-boot-2.4.4.jar:2.4.4]
	at org.springframework.boot.SpringApplication.refresh(SpringApplication.java:769) ~[spring-boot-2.4.4.jar:2.4.4]
	at org.springframework.boot.SpringApplication.refresh(SpringApplication.java:761) ~[spring-boot-2.4.4.jar:2.4.4]
	at org.springframework.boot.SpringApplication.refreshContext(SpringApplication.java:426) ~[spring-boot-2.4.4.jar:2.4.4]
	at org.springframework.boot.SpringApplication.run(SpringApplication.java:326) ~[spring-boot-2.4.4.jar:2.4.4]
	at org.springframework.boot.SpringApplication.run(SpringApplication.java:1313) ~[spring-boot-2.4.4.jar:2.4.4]
	at org.springframework.boot.SpringApplication.run(SpringApplication.java:1302) ~[spring-boot-2.4.4.jar:2.4.4]
	at com.server.app.ServerAppApplication.main(ServerAppApplication.java:10) ~[classes/:na]
Caused by: org.springframework.boot.web.server.WebServerException: Unable to start embedded Tomcat server
	at org.springframework.boot.web.embedded.tomcat.TomcatWebServer.start(TomcatWebServer.java:229) ~[spring-boot-2.4.4.jar:2.4.4]
	at org.springframework.boot.web.servlet.context.WebServerStartStopLifecycle.start(WebServerStartStopLifecycle.java:43) ~[spring-boot-2.4.4.jar:2.4.4]
	at org.springframework.context.support.DefaultLifecycleProcessor.doStart(DefaultLifecycleProcessor.java:178) ~[spring-context-5.3.5.jar:5.3.5]
	... 15 common frames omitted
Caused by: java.lang.IllegalArgumentException: standardService.connector.startFailed
	at org.apache.catalina.core.StandardService.addConnector(StandardService.java:244) ~[tomcat-embed-core-9.0.44.jar:9.0.44]
	at org.springframework.boot.web.embedded.tomcat.TomcatWebServer.addPreviouslyRemovedConnectors(TomcatWebServer.java:282) ~[spring-boot-2.4.4.jar:2.4.4]
	at org.springframework.boot.web.embedded.tomcat.TomcatWebServer.start(TomcatWebServer.java:213) ~[spring-boot-2.4.4.jar:2.4.4]
	... 17 common frames omitted
Caused by: org.apache.catalina.LifecycleException: Protocol handler start failed
	at org.apache.catalina.connector.Connector.startInternal(Connector.java:1075) ~[tomcat-embed-core-9.0.44.jar:9.0.44]
	at org.apache.catalina.util.LifecycleBase.start(LifecycleBase.java:183) ~[tomcat-embed-core-9.0.44.jar:9.0.44]
	at org.apache.catalina.core.StandardService.addConnector(StandardService.java:240) ~[tomcat-embed-core-9.0.44.jar:9.0.44]
	... 19 common frames omitted
Caused by: java.lang.IllegalArgumentException: the trustAnchors parameter must be non-empty
	at org.apache.tomcat.util.net.AbstractJsseEndpoint.createSSLContext(AbstractJsseEndpoint.java:99) ~[tomcat-embed-core-9.0.44.jar:9.0.44]
	at org.apache.tomcat.util.net.AbstractJsseEndpoint.initialiseSsl(AbstractJsseEndpoint.java:71) ~[tomcat-embed-core-9.0.44.jar:9.0.44]
	at org.apache.tomcat.util.net.NioEndpoint.bind(NioEndpoint.java:258) ~[tomcat-embed-core-9.0.44.jar:9.0.44]
	at org.apache.tomcat.util.net.AbstractEndpoint.bindWithCleanup(AbstractEndpoint.java:1204) ~[tomcat-embed-core-9.0.44.jar:9.0.44]
	at org.apache.tomcat.util.net.AbstractEndpoint.start(AbstractEndpoint.java:1290) ~[tomcat-embed-core-9.0.44.jar:9.0.44]
	at org.apache.coyote.AbstractProtocol.start(AbstractProtocol.java:614) ~[tomcat-embed-core-9.0.44.jar:9.0.44]
	at org.apache.catalina.connector.Connector.startInternal(Connector.java:1072) ~[tomcat-embed-core-9.0.44.jar:9.0.44]
	... 21 common frames omitted
Caused by: java.security.InvalidAlgorithmParameterException: the trustAnchors parameter must be non-empty
	at java.base/java.security.cert.PKIXParameters.setTrustAnchors(PKIXParameters.java:200) ~[na:na]
	at java.base/java.security.cert.PKIXParameters.<init>(PKIXParameters.java:157) ~[na:na]
	at java.base/java.security.cert.PKIXBuilderParameters.<init>(PKIXBuilderParameters.java:130) ~[na:na]
	at org.apache.tomcat.util.net.SSLUtilBase.getParameters(SSLUtilBase.java:501) ~[tomcat-embed-core-9.0.44.jar:9.0.44]
	at org.apache.tomcat.util.net.SSLUtilBase.getTrustManagers(SSLUtilBase.java:432) ~[tomcat-embed-core-9.0.44.jar:9.0.44]
	at org.apache.tomcat.util.net.SSLUtilBase.createSSLContext(SSLUtilBase.java:246) ~[tomcat-embed-core-9.0.44.jar:9.0.44]
	at org.apache.tomcat.util.net.AbstractJsseEndpoint.createSSLContext(AbstractJsseEndpoint.java:97) ~[tomcat-embed-core-9.0.44.jar:9.0.44]
	... 27 common frames omitted

2022-12-25 12:17:11.258  INFO 20936 --- [main] com.server.app.ServerAppApplication      : Starting ServerAppApplication using Java 19.0.1 on DESKTOP-H7OS8JA with PID 20936 (D:\eclipse\projects\sample-2way-ssl-server\target\classes started by inpra in D:\eclipse\projects\sample-2way-ssl-server)
2022-12-25 12:17:11.264  INFO 20936 --- [main] com.server.app.ServerAppApplication      : No active profile set, falling back to default profiles: default
2022-12-25 12:17:12.499  INFO 20936 --- [main] o.s.b.w.embedded.tomcat.TomcatWebServer  : Tomcat initialized with port(s): 8443 (https)
2022-12-25 12:17:12.516  INFO 20936 --- [main] o.apache.catalina.core.StandardService   : Starting service [Tomcat]
2022-12-25 12:17:12.517  INFO 20936 --- [main] org.apache.catalina.core.StandardEngine  : Starting Servlet engine: [Apache Tomcat/9.0.44]
2022-12-25 12:17:12.680  INFO 20936 --- [main] o.a.c.c.C.[Tomcat].[localhost].[/]       : Initializing Spring embedded WebApplicationContext
2022-12-25 12:17:12.680  INFO 20936 --- [main] w.s.c.ServletWebServerApplicationContext : Root WebApplicationContext: initialization completed in 1336 ms
2022-12-25 12:17:12.899  INFO 20936 --- [main] o.s.s.concurrent.ThreadPoolTaskExecutor  : Initializing ExecutorService 'applicationTaskExecutor'
2022-12-25 12:17:13.335 ERROR 20936 --- [main] org.apache.tomcat.util.net.SSLUtilBase   : Failed to load keystore type [PKCS] with path [file:/D:/eclipse/projects/sample-2way-ssl-server/target/classes/server-app.jks] due to [PKCS not found]

java.security.KeyStoreException: PKCS not found
	at java.base/java.security.KeyStore.getInstance(KeyStore.java:921) ~[na:na]
	at org.apache.tomcat.util.net.SSLUtilBase.getStore(SSLUtilBase.java:186) ~[tomcat-embed-core-9.0.44.jar:9.0.44]
	at org.apache.tomcat.util.net.SSLHostConfigCertificate.getCertificateKeystore(SSLHostConfigCertificate.java:207) ~[tomcat-embed-core-9.0.44.jar:9.0.44]
	at org.apache.tomcat.util.net.SSLUtilBase.getKeyManagers(SSLUtilBase.java:282) ~[tomcat-embed-core-9.0.44.jar:9.0.44]
	at org.apache.tomcat.util.net.SSLUtilBase.createSSLContext(SSLUtilBase.java:246) ~[tomcat-embed-core-9.0.44.jar:9.0.44]
	at org.apache.tomcat.util.net.AbstractJsseEndpoint.createSSLContext(AbstractJsseEndpoint.java:97) ~[tomcat-embed-core-9.0.44.jar:9.0.44]
	at org.apache.tomcat.util.net.AbstractJsseEndpoint.initialiseSsl(AbstractJsseEndpoint.java:71) ~[tomcat-embed-core-9.0.44.jar:9.0.44]
	at org.apache.tomcat.util.net.NioEndpoint.bind(NioEndpoint.java:258) ~[tomcat-embed-core-9.0.44.jar:9.0.44]
	at org.apache.tomcat.util.net.AbstractEndpoint.bindWithCleanup(AbstractEndpoint.java:1204) ~[tomcat-embed-core-9.0.44.jar:9.0.44]
	at org.apache.tomcat.util.net.AbstractEndpoint.start(AbstractEndpoint.java:1290) ~[tomcat-embed-core-9.0.44.jar:9.0.44]
	at org.apache.coyote.AbstractProtocol.start(AbstractProtocol.java:614) ~[tomcat-embed-core-9.0.44.jar:9.0.44]
	at org.apache.catalina.connector.Connector.startInternal(Connector.java:1072) ~[tomcat-embed-core-9.0.44.jar:9.0.44]
	at org.apache.catalina.util.LifecycleBase.start(LifecycleBase.java:183) ~[tomcat-embed-core-9.0.44.jar:9.0.44]
	at org.apache.catalina.core.StandardService.addConnector(StandardService.java:240) ~[tomcat-embed-core-9.0.44.jar:9.0.44]
	at org.springframework.boot.web.embedded.tomcat.TomcatWebServer.addPreviouslyRemovedConnectors(TomcatWebServer.java:282) ~[spring-boot-2.4.4.jar:2.4.4]
	at org.springframework.boot.web.embedded.tomcat.TomcatWebServer.start(TomcatWebServer.java:213) ~[spring-boot-2.4.4.jar:2.4.4]
	at org.springframework.boot.web.servlet.context.WebServerStartStopLifecycle.start(WebServerStartStopLifecycle.java:43) ~[spring-boot-2.4.4.jar:2.4.4]
	at org.springframework.context.support.DefaultLifecycleProcessor.doStart(DefaultLifecycleProcessor.java:178) ~[spring-context-5.3.5.jar:5.3.5]
	at org.springframework.context.support.DefaultLifecycleProcessor.access$200(DefaultLifecycleProcessor.java:54) ~[spring-context-5.3.5.jar:5.3.5]
	at org.springframework.context.support.DefaultLifecycleProcessor$LifecycleGroup.start(DefaultLifecycleProcessor.java:356) ~[spring-context-5.3.5.jar:5.3.5]
	at java.base/java.lang.Iterable.forEach(Iterable.java:75) ~[na:na]
	at org.springframework.context.support.DefaultLifecycleProcessor.startBeans(DefaultLifecycleProcessor.java:155) ~[spring-context-5.3.5.jar:5.3.5]
	at org.springframework.context.support.DefaultLifecycleProcessor.onRefresh(DefaultLifecycleProcessor.java:123) ~[spring-context-5.3.5.jar:5.3.5]
	at org.springframework.context.support.AbstractApplicationContext.finishRefresh(AbstractApplicationContext.java:935) ~[spring-context-5.3.5.jar:5.3.5]
	at org.springframework.context.support.AbstractApplicationContext.refresh(AbstractApplicationContext.java:586) ~[spring-context-5.3.5.jar:5.3.5]
	at org.springframework.boot.web.servlet.context.ServletWebServerApplicationContext.refresh(ServletWebServerApplicationContext.java:144) ~[spring-boot-2.4.4.jar:2.4.4]
	at org.springframework.boot.SpringApplication.refresh(SpringApplication.java:769) ~[spring-boot-2.4.4.jar:2.4.4]
	at org.springframework.boot.SpringApplication.refresh(SpringApplication.java:761) ~[spring-boot-2.4.4.jar:2.4.4]
	at org.springframework.boot.SpringApplication.refreshContext(SpringApplication.java:426) ~[spring-boot-2.4.4.jar:2.4.4]
	at org.springframework.boot.SpringApplication.run(SpringApplication.java:326) ~[spring-boot-2.4.4.jar:2.4.4]
	at org.springframework.boot.SpringApplication.run(SpringApplication.java:1313) ~[spring-boot-2.4.4.jar:2.4.4]
	at org.springframework.boot.SpringApplication.run(SpringApplication.java:1302) ~[spring-boot-2.4.4.jar:2.4.4]
	at com.server.app.ServerAppApplication.main(ServerAppApplication.java:10) ~[classes/:na]
Caused by: java.security.NoSuchAlgorithmException: no such algorithm: PKCS for provider SUN
	at java.base/sun.security.jca.GetInstance.getService(GetInstance.java:87) ~[na:na]
	at java.base/sun.security.jca.GetInstance.getInstance(GetInstance.java:206) ~[na:na]
	at java.base/java.security.Security.getImpl(Security.java:695) ~[na:na]
	at java.base/java.security.KeyStore.getInstance(KeyStore.java:918) ~[na:na]
	... 32 common frames omitted

2022-12-25 12:17:13.357  WARN 20936 --- [main] ConfigServletWebServerApplicationContext : Exception encountered during context initialization - cancelling refresh attempt: org.springframework.context.ApplicationContextException: Failed to start bean 'webServerStartStop'; nested exception is org.springframework.boot.web.server.WebServerException: Unable to start embedded Tomcat server
2022-12-25 12:17:13.359  INFO 20936 --- [main] o.s.s.concurrent.ThreadPoolTaskExecutor  : Shutting down ExecutorService 'applicationTaskExecutor'
2022-12-25 12:17:13.364  INFO 20936 --- [main] o.apache.catalina.core.StandardService   : Stopping service [Tomcat]
2022-12-25 12:17:13.384  INFO 20936 --- [main] ConditionEvaluationReportLoggingListener : 

Error starting ApplicationContext. To display the conditions report re-run your application with 'debug' enabled.
2022-12-25 12:17:13.404 ERROR 20936 --- [main] o.s.boot.SpringApplication               : Application run failed

org.springframework.context.ApplicationContextException: Failed to start bean 'webServerStartStop'; nested exception is org.springframework.boot.web.server.WebServerException: Unable to start embedded Tomcat server
	at org.springframework.context.support.DefaultLifecycleProcessor.doStart(DefaultLifecycleProcessor.java:181) ~[spring-context-5.3.5.jar:5.3.5]
	at org.springframework.context.support.DefaultLifecycleProcessor.access$200(DefaultLifecycleProcessor.java:54) ~[spring-context-5.3.5.jar:5.3.5]
	at org.springframework.context.support.DefaultLifecycleProcessor$LifecycleGroup.start(DefaultLifecycleProcessor.java:356) ~[spring-context-5.3.5.jar:5.3.5]
	at java.base/java.lang.Iterable.forEach(Iterable.java:75) ~[na:na]
	at org.springframework.context.support.DefaultLifecycleProcessor.startBeans(DefaultLifecycleProcessor.java:155) ~[spring-context-5.3.5.jar:5.3.5]
	at org.springframework.context.support.DefaultLifecycleProcessor.onRefresh(DefaultLifecycleProcessor.java:123) ~[spring-context-5.3.5.jar:5.3.5]
	at org.springframework.context.support.AbstractApplicationContext.finishRefresh(AbstractApplicationContext.java:935) ~[spring-context-5.3.5.jar:5.3.5]
	at org.springframework.context.support.AbstractApplicationContext.refresh(AbstractApplicationContext.java:586) ~[spring-context-5.3.5.jar:5.3.5]
	at org.springframework.boot.web.servlet.context.ServletWebServerApplicationContext.refresh(ServletWebServerApplicationContext.java:144) ~[spring-boot-2.4.4.jar:2.4.4]
	at org.springframework.boot.SpringApplication.refresh(SpringApplication.java:769) ~[spring-boot-2.4.4.jar:2.4.4]
	at org.springframework.boot.SpringApplication.refresh(SpringApplication.java:761) ~[spring-boot-2.4.4.jar:2.4.4]
	at org.springframework.boot.SpringApplication.refreshContext(SpringApplication.java:426) ~[spring-boot-2.4.4.jar:2.4.4]
	at org.springframework.boot.SpringApplication.run(SpringApplication.java:326) ~[spring-boot-2.4.4.jar:2.4.4]
	at org.springframework.boot.SpringApplication.run(SpringApplication.java:1313) ~[spring-boot-2.4.4.jar:2.4.4]
	at org.springframework.boot.SpringApplication.run(SpringApplication.java:1302) ~[spring-boot-2.4.4.jar:2.4.4]
	at com.server.app.ServerAppApplication.main(ServerAppApplication.java:10) ~[classes/:na]
Caused by: org.springframework.boot.web.server.WebServerException: Unable to start embedded Tomcat server
	at org.springframework.boot.web.embedded.tomcat.TomcatWebServer.start(TomcatWebServer.java:229) ~[spring-boot-2.4.4.jar:2.4.4]
	at org.springframework.boot.web.servlet.context.WebServerStartStopLifecycle.start(WebServerStartStopLifecycle.java:43) ~[spring-boot-2.4.4.jar:2.4.4]
	at org.springframework.context.support.DefaultLifecycleProcessor.doStart(DefaultLifecycleProcessor.java:178) ~[spring-context-5.3.5.jar:5.3.5]
	... 15 common frames omitted
Caused by: java.lang.IllegalArgumentException: standardService.connector.startFailed
	at org.apache.catalina.core.StandardService.addConnector(StandardService.java:244) ~[tomcat-embed-core-9.0.44.jar:9.0.44]
	at org.springframework.boot.web.embedded.tomcat.TomcatWebServer.addPreviouslyRemovedConnectors(TomcatWebServer.java:282) ~[spring-boot-2.4.4.jar:2.4.4]
	at org.springframework.boot.web.embedded.tomcat.TomcatWebServer.start(TomcatWebServer.java:213) ~[spring-boot-2.4.4.jar:2.4.4]
	... 17 common frames omitted
Caused by: org.apache.catalina.LifecycleException: Protocol handler start failed
	at org.apache.catalina.connector.Connector.startInternal(Connector.java:1075) ~[tomcat-embed-core-9.0.44.jar:9.0.44]
	at org.apache.catalina.util.LifecycleBase.start(LifecycleBase.java:183) ~[tomcat-embed-core-9.0.44.jar:9.0.44]
	at org.apache.catalina.core.StandardService.addConnector(StandardService.java:240) ~[tomcat-embed-core-9.0.44.jar:9.0.44]
	... 19 common frames omitted
Caused by: java.lang.IllegalArgumentException: Failed to load keystore type [PKCS] with path [file:/D:/eclipse/projects/sample-2way-ssl-server/target/classes/server-app.jks] due to [PKCS not found]
	at org.apache.tomcat.util.net.AbstractJsseEndpoint.createSSLContext(AbstractJsseEndpoint.java:99) ~[tomcat-embed-core-9.0.44.jar:9.0.44]
	at org.apache.tomcat.util.net.AbstractJsseEndpoint.initialiseSsl(AbstractJsseEndpoint.java:71) ~[tomcat-embed-core-9.0.44.jar:9.0.44]
	at org.apache.tomcat.util.net.NioEndpoint.bind(NioEndpoint.java:258) ~[tomcat-embed-core-9.0.44.jar:9.0.44]
	at org.apache.tomcat.util.net.AbstractEndpoint.bindWithCleanup(AbstractEndpoint.java:1204) ~[tomcat-embed-core-9.0.44.jar:9.0.44]
	at org.apache.tomcat.util.net.AbstractEndpoint.start(AbstractEndpoint.java:1290) ~[tomcat-embed-core-9.0.44.jar:9.0.44]
	at org.apache.coyote.AbstractProtocol.start(AbstractProtocol.java:614) ~[tomcat-embed-core-9.0.44.jar:9.0.44]
	at org.apache.catalina.connector.Connector.startInternal(Connector.java:1072) ~[tomcat-embed-core-9.0.44.jar:9.0.44]
	... 21 common frames omitted
Caused by: java.io.IOException: Failed to load keystore type [PKCS] with path [file:/D:/eclipse/projects/sample-2way-ssl-server/target/classes/server-app.jks] due to [PKCS not found]
	at org.apache.tomcat.util.net.SSLUtilBase.getStore(SSLUtilBase.java:228) ~[tomcat-embed-core-9.0.44.jar:9.0.44]
	at org.apache.tomcat.util.net.SSLHostConfigCertificate.getCertificateKeystore(SSLHostConfigCertificate.java:207) ~[tomcat-embed-core-9.0.44.jar:9.0.44]
	at org.apache.tomcat.util.net.SSLUtilBase.getKeyManagers(SSLUtilBase.java:282) ~[tomcat-embed-core-9.0.44.jar:9.0.44]
	at org.apache.tomcat.util.net.SSLUtilBase.createSSLContext(SSLUtilBase.java:246) ~[tomcat-embed-core-9.0.44.jar:9.0.44]
	at org.apache.tomcat.util.net.AbstractJsseEndpoint.createSSLContext(AbstractJsseEndpoint.java:97) ~[tomcat-embed-core-9.0.44.jar:9.0.44]
	... 27 common frames omitted

2022-12-25 12:27:48.902  INFO 8488 --- [main] com.server.app.ServerAppApplication      : Starting ServerAppApplication using Java 19.0.1 on DESKTOP-H7OS8JA with PID 8488 (D:\eclipse\projects\sample-2way-ssl-server\target\classes started by inpra in D:\eclipse\projects\sample-2way-ssl-server)
2022-12-25 12:27:48.907  INFO 8488 --- [main] com.server.app.ServerAppApplication      : No active profile set, falling back to default profiles: default
2022-12-25 12:27:50.187  INFO 8488 --- [main] o.s.b.w.embedded.tomcat.TomcatWebServer  : Tomcat initialized with port(s): 8443 (https)
2022-12-25 12:27:50.204  INFO 8488 --- [main] o.apache.catalina.core.StandardService   : Starting service [Tomcat]
2022-12-25 12:27:50.205  INFO 8488 --- [main] org.apache.catalina.core.StandardEngine  : Starting Servlet engine: [Apache Tomcat/9.0.44]
2022-12-25 12:27:50.323  INFO 8488 --- [main] o.a.c.c.C.[Tomcat].[localhost].[/]       : Initializing Spring embedded WebApplicationContext
2022-12-25 12:27:50.324  INFO 8488 --- [main] w.s.c.ServletWebServerApplicationContext : Root WebApplicationContext: initialization completed in 1320 ms
2022-12-25 12:27:50.542  INFO 8488 --- [main] o.s.s.concurrent.ThreadPoolTaskExecutor  : Initializing ExecutorService 'applicationTaskExecutor'
2022-12-25 12:27:51.042  WARN 8488 --- [main] ConfigServletWebServerApplicationContext : Exception encountered during context initialization - cancelling refresh attempt: org.springframework.context.ApplicationContextException: Failed to start bean 'webServerStartStop'; nested exception is org.springframework.boot.web.server.WebServerException: Unable to start embedded Tomcat server
2022-12-25 12:27:51.044  INFO 8488 --- [main] o.s.s.concurrent.ThreadPoolTaskExecutor  : Shutting down ExecutorService 'applicationTaskExecutor'
2022-12-25 12:27:51.048  INFO 8488 --- [main] o.apache.catalina.core.StandardService   : Stopping service [Tomcat]
2022-12-25 12:27:51.069  INFO 8488 --- [main] ConditionEvaluationReportLoggingListener : 

Error starting ApplicationContext. To display the conditions report re-run your application with 'debug' enabled.
2022-12-25 12:27:51.100 ERROR 8488 --- [main] o.s.boot.SpringApplication               : Application run failed

org.springframework.context.ApplicationContextException: Failed to start bean 'webServerStartStop'; nested exception is org.springframework.boot.web.server.WebServerException: Unable to start embedded Tomcat server
	at org.springframework.context.support.DefaultLifecycleProcessor.doStart(DefaultLifecycleProcessor.java:181) ~[spring-context-5.3.5.jar:5.3.5]
	at org.springframework.context.support.DefaultLifecycleProcessor.access$200(DefaultLifecycleProcessor.java:54) ~[spring-context-5.3.5.jar:5.3.5]
	at org.springframework.context.support.DefaultLifecycleProcessor$LifecycleGroup.start(DefaultLifecycleProcessor.java:356) ~[spring-context-5.3.5.jar:5.3.5]
	at java.base/java.lang.Iterable.forEach(Iterable.java:75) ~[na:na]
	at org.springframework.context.support.DefaultLifecycleProcessor.startBeans(DefaultLifecycleProcessor.java:155) ~[spring-context-5.3.5.jar:5.3.5]
	at org.springframework.context.support.DefaultLifecycleProcessor.onRefresh(DefaultLifecycleProcessor.java:123) ~[spring-context-5.3.5.jar:5.3.5]
	at org.springframework.context.support.AbstractApplicationContext.finishRefresh(AbstractApplicationContext.java:935) ~[spring-context-5.3.5.jar:5.3.5]
	at org.springframework.context.support.AbstractApplicationContext.refresh(AbstractApplicationContext.java:586) ~[spring-context-5.3.5.jar:5.3.5]
	at org.springframework.boot.web.servlet.context.ServletWebServerApplicationContext.refresh(ServletWebServerApplicationContext.java:144) ~[spring-boot-2.4.4.jar:2.4.4]
	at org.springframework.boot.SpringApplication.refresh(SpringApplication.java:769) ~[spring-boot-2.4.4.jar:2.4.4]
	at org.springframework.boot.SpringApplication.refresh(SpringApplication.java:761) ~[spring-boot-2.4.4.jar:2.4.4]
	at org.springframework.boot.SpringApplication.refreshContext(SpringApplication.java:426) ~[spring-boot-2.4.4.jar:2.4.4]
	at org.springframework.boot.SpringApplication.run(SpringApplication.java:326) ~[spring-boot-2.4.4.jar:2.4.4]
	at org.springframework.boot.SpringApplication.run(SpringApplication.java:1313) ~[spring-boot-2.4.4.jar:2.4.4]
	at org.springframework.boot.SpringApplication.run(SpringApplication.java:1302) ~[spring-boot-2.4.4.jar:2.4.4]
	at com.server.app.ServerAppApplication.main(ServerAppApplication.java:10) ~[classes/:na]
Caused by: org.springframework.boot.web.server.WebServerException: Unable to start embedded Tomcat server
	at org.springframework.boot.web.embedded.tomcat.TomcatWebServer.start(TomcatWebServer.java:229) ~[spring-boot-2.4.4.jar:2.4.4]
	at org.springframework.boot.web.servlet.context.WebServerStartStopLifecycle.start(WebServerStartStopLifecycle.java:43) ~[spring-boot-2.4.4.jar:2.4.4]
	at org.springframework.context.support.DefaultLifecycleProcessor.doStart(DefaultLifecycleProcessor.java:178) ~[spring-context-5.3.5.jar:5.3.5]
	... 15 common frames omitted
Caused by: java.lang.IllegalArgumentException: standardService.connector.startFailed
	at org.apache.catalina.core.StandardService.addConnector(StandardService.java:244) ~[tomcat-embed-core-9.0.44.jar:9.0.44]
	at org.springframework.boot.web.embedded.tomcat.TomcatWebServer.addPreviouslyRemovedConnectors(TomcatWebServer.java:282) ~[spring-boot-2.4.4.jar:2.4.4]
	at org.springframework.boot.web.embedded.tomcat.TomcatWebServer.start(TomcatWebServer.java:213) ~[spring-boot-2.4.4.jar:2.4.4]
	... 17 common frames omitted
Caused by: org.apache.catalina.LifecycleException: Protocol handler start failed
	at org.apache.catalina.connector.Connector.startInternal(Connector.java:1075) ~[tomcat-embed-core-9.0.44.jar:9.0.44]
	at org.apache.catalina.util.LifecycleBase.start(LifecycleBase.java:183) ~[tomcat-embed-core-9.0.44.jar:9.0.44]
	at org.apache.catalina.core.StandardService.addConnector(StandardService.java:240) ~[tomcat-embed-core-9.0.44.jar:9.0.44]
	... 19 common frames omitted
Caused by: java.lang.IllegalArgumentException: the trustAnchors parameter must be non-empty
	at org.apache.tomcat.util.net.AbstractJsseEndpoint.createSSLContext(AbstractJsseEndpoint.java:99) ~[tomcat-embed-core-9.0.44.jar:9.0.44]
	at org.apache.tomcat.util.net.AbstractJsseEndpoint.initialiseSsl(AbstractJsseEndpoint.java:71) ~[tomcat-embed-core-9.0.44.jar:9.0.44]
	at org.apache.tomcat.util.net.NioEndpoint.bind(NioEndpoint.java:258) ~[tomcat-embed-core-9.0.44.jar:9.0.44]
	at org.apache.tomcat.util.net.AbstractEndpoint.bindWithCleanup(AbstractEndpoint.java:1204) ~[tomcat-embed-core-9.0.44.jar:9.0.44]
	at org.apache.tomcat.util.net.AbstractEndpoint.start(AbstractEndpoint.java:1290) ~[tomcat-embed-core-9.0.44.jar:9.0.44]
	at org.apache.coyote.AbstractProtocol.start(AbstractProtocol.java:614) ~[tomcat-embed-core-9.0.44.jar:9.0.44]
	at org.apache.catalina.connector.Connector.startInternal(Connector.java:1072) ~[tomcat-embed-core-9.0.44.jar:9.0.44]
	... 21 common frames omitted
Caused by: java.security.InvalidAlgorithmParameterException: the trustAnchors parameter must be non-empty
	at java.base/java.security.cert.PKIXParameters.setTrustAnchors(PKIXParameters.java:200) ~[na:na]
	at java.base/java.security.cert.PKIXParameters.<init>(PKIXParameters.java:157) ~[na:na]
	at java.base/java.security.cert.PKIXBuilderParameters.<init>(PKIXBuilderParameters.java:130) ~[na:na]
	at org.apache.tomcat.util.net.SSLUtilBase.getParameters(SSLUtilBase.java:501) ~[tomcat-embed-core-9.0.44.jar:9.0.44]
	at org.apache.tomcat.util.net.SSLUtilBase.getTrustManagers(SSLUtilBase.java:432) ~[tomcat-embed-core-9.0.44.jar:9.0.44]
	at org.apache.tomcat.util.net.SSLUtilBase.createSSLContext(SSLUtilBase.java:246) ~[tomcat-embed-core-9.0.44.jar:9.0.44]
	at org.apache.tomcat.util.net.AbstractJsseEndpoint.createSSLContext(AbstractJsseEndpoint.java:97) ~[tomcat-embed-core-9.0.44.jar:9.0.44]
	... 27 common frames omitted

2022-12-25 12:29:39.476  INFO 15864 --- [main] com.server.app.ServerAppApplication      : Starting ServerAppApplication using Java 19.0.1 on DESKTOP-H7OS8JA with PID 15864 (D:\eclipse\projects\sample-2way-ssl-server\target\classes started by inpra in D:\eclipse\projects\sample-2way-ssl-server)
2022-12-25 12:29:39.483  INFO 15864 --- [main] com.server.app.ServerAppApplication      : No active profile set, falling back to default profiles: default
2022-12-25 12:29:40.718  INFO 15864 --- [main] o.s.b.w.embedded.tomcat.TomcatWebServer  : Tomcat initialized with port(s): 8443 (https)
2022-12-25 12:29:40.736  INFO 15864 --- [main] o.apache.catalina.core.StandardService   : Starting service [Tomcat]
2022-12-25 12:29:40.737  INFO 15864 --- [main] org.apache.catalina.core.StandardEngine  : Starting Servlet engine: [Apache Tomcat/9.0.44]
2022-12-25 12:29:40.849  INFO 15864 --- [main] o.a.c.c.C.[Tomcat].[localhost].[/]       : Initializing Spring embedded WebApplicationContext
2022-12-25 12:29:40.850  INFO 15864 --- [main] w.s.c.ServletWebServerApplicationContext : Root WebApplicationContext: initialization completed in 1289 ms
2022-12-25 12:29:41.061  INFO 15864 --- [main] o.s.s.concurrent.ThreadPoolTaskExecutor  : Initializing ExecutorService 'applicationTaskExecutor'
2022-12-25 12:29:41.507  WARN 15864 --- [main] ConfigServletWebServerApplicationContext : Exception encountered during context initialization - cancelling refresh attempt: org.springframework.context.ApplicationContextException: Failed to start bean 'webServerStartStop'; nested exception is org.springframework.boot.web.server.WebServerException: Unable to start embedded Tomcat server
2022-12-25 12:29:41.508  INFO 15864 --- [main] o.s.s.concurrent.ThreadPoolTaskExecutor  : Shutting down ExecutorService 'applicationTaskExecutor'
2022-12-25 12:29:41.514  INFO 15864 --- [main] o.apache.catalina.core.StandardService   : Stopping service [Tomcat]
2022-12-25 12:29:41.532  INFO 15864 --- [main] ConditionEvaluationReportLoggingListener : 

Error starting ApplicationContext. To display the conditions report re-run your application with 'debug' enabled.
2022-12-25 12:29:41.560 ERROR 15864 --- [main] o.s.boot.SpringApplication               : Application run failed

org.springframework.context.ApplicationContextException: Failed to start bean 'webServerStartStop'; nested exception is org.springframework.boot.web.server.WebServerException: Unable to start embedded Tomcat server
	at org.springframework.context.support.DefaultLifecycleProcessor.doStart(DefaultLifecycleProcessor.java:181) ~[spring-context-5.3.5.jar:5.3.5]
	at org.springframework.context.support.DefaultLifecycleProcessor.access$200(DefaultLifecycleProcessor.java:54) ~[spring-context-5.3.5.jar:5.3.5]
	at org.springframework.context.support.DefaultLifecycleProcessor$LifecycleGroup.start(DefaultLifecycleProcessor.java:356) ~[spring-context-5.3.5.jar:5.3.5]
	at java.base/java.lang.Iterable.forEach(Iterable.java:75) ~[na:na]
	at org.springframework.context.support.DefaultLifecycleProcessor.startBeans(DefaultLifecycleProcessor.java:155) ~[spring-context-5.3.5.jar:5.3.5]
	at org.springframework.context.support.DefaultLifecycleProcessor.onRefresh(DefaultLifecycleProcessor.java:123) ~[spring-context-5.3.5.jar:5.3.5]
	at org.springframework.context.support.AbstractApplicationContext.finishRefresh(AbstractApplicationContext.java:935) ~[spring-context-5.3.5.jar:5.3.5]
	at org.springframework.context.support.AbstractApplicationContext.refresh(AbstractApplicationContext.java:586) ~[spring-context-5.3.5.jar:5.3.5]
	at org.springframework.boot.web.servlet.context.ServletWebServerApplicationContext.refresh(ServletWebServerApplicationContext.java:144) ~[spring-boot-2.4.4.jar:2.4.4]
	at org.springframework.boot.SpringApplication.refresh(SpringApplication.java:769) ~[spring-boot-2.4.4.jar:2.4.4]
	at org.springframework.boot.SpringApplication.refresh(SpringApplication.java:761) ~[spring-boot-2.4.4.jar:2.4.4]
	at org.springframework.boot.SpringApplication.refreshContext(SpringApplication.java:426) ~[spring-boot-2.4.4.jar:2.4.4]
	at org.springframework.boot.SpringApplication.run(SpringApplication.java:326) ~[spring-boot-2.4.4.jar:2.4.4]
	at org.springframework.boot.SpringApplication.run(SpringApplication.java:1313) ~[spring-boot-2.4.4.jar:2.4.4]
	at org.springframework.boot.SpringApplication.run(SpringApplication.java:1302) ~[spring-boot-2.4.4.jar:2.4.4]
	at com.server.app.ServerAppApplication.main(ServerAppApplication.java:10) ~[classes/:na]
Caused by: org.springframework.boot.web.server.WebServerException: Unable to start embedded Tomcat server
	at org.springframework.boot.web.embedded.tomcat.TomcatWebServer.start(TomcatWebServer.java:229) ~[spring-boot-2.4.4.jar:2.4.4]
	at org.springframework.boot.web.servlet.context.WebServerStartStopLifecycle.start(WebServerStartStopLifecycle.java:43) ~[spring-boot-2.4.4.jar:2.4.4]
	at org.springframework.context.support.DefaultLifecycleProcessor.doStart(DefaultLifecycleProcessor.java:178) ~[spring-context-5.3.5.jar:5.3.5]
	... 15 common frames omitted
Caused by: java.lang.IllegalArgumentException: standardService.connector.startFailed
	at org.apache.catalina.core.StandardService.addConnector(StandardService.java:244) ~[tomcat-embed-core-9.0.44.jar:9.0.44]
	at org.springframework.boot.web.embedded.tomcat.TomcatWebServer.addPreviouslyRemovedConnectors(TomcatWebServer.java:282) ~[spring-boot-2.4.4.jar:2.4.4]
	at org.springframework.boot.web.embedded.tomcat.TomcatWebServer.start(TomcatWebServer.java:213) ~[spring-boot-2.4.4.jar:2.4.4]
	... 17 common frames omitted
Caused by: org.apache.catalina.LifecycleException: Protocol handler start failed
	at org.apache.catalina.connector.Connector.startInternal(Connector.java:1075) ~[tomcat-embed-core-9.0.44.jar:9.0.44]
	at org.apache.catalina.util.LifecycleBase.start(LifecycleBase.java:183) ~[tomcat-embed-core-9.0.44.jar:9.0.44]
	at org.apache.catalina.core.StandardService.addConnector(StandardService.java:240) ~[tomcat-embed-core-9.0.44.jar:9.0.44]
	... 19 common frames omitted
Caused by: java.lang.IllegalArgumentException: the trustAnchors parameter must be non-empty
	at org.apache.tomcat.util.net.AbstractJsseEndpoint.createSSLContext(AbstractJsseEndpoint.java:99) ~[tomcat-embed-core-9.0.44.jar:9.0.44]
	at org.apache.tomcat.util.net.AbstractJsseEndpoint.initialiseSsl(AbstractJsseEndpoint.java:71) ~[tomcat-embed-core-9.0.44.jar:9.0.44]
	at org.apache.tomcat.util.net.NioEndpoint.bind(NioEndpoint.java:258) ~[tomcat-embed-core-9.0.44.jar:9.0.44]
	at org.apache.tomcat.util.net.AbstractEndpoint.bindWithCleanup(AbstractEndpoint.java:1204) ~[tomcat-embed-core-9.0.44.jar:9.0.44]
	at org.apache.tomcat.util.net.AbstractEndpoint.start(AbstractEndpoint.java:1290) ~[tomcat-embed-core-9.0.44.jar:9.0.44]
	at org.apache.coyote.AbstractProtocol.start(AbstractProtocol.java:614) ~[tomcat-embed-core-9.0.44.jar:9.0.44]
	at org.apache.catalina.connector.Connector.startInternal(Connector.java:1072) ~[tomcat-embed-core-9.0.44.jar:9.0.44]
	... 21 common frames omitted
Caused by: java.security.InvalidAlgorithmParameterException: the trustAnchors parameter must be non-empty
	at java.base/java.security.cert.PKIXParameters.setTrustAnchors(PKIXParameters.java:200) ~[na:na]
	at java.base/java.security.cert.PKIXParameters.<init>(PKIXParameters.java:157) ~[na:na]
	at java.base/java.security.cert.PKIXBuilderParameters.<init>(PKIXBuilderParameters.java:130) ~[na:na]
	at org.apache.tomcat.util.net.SSLUtilBase.getParameters(SSLUtilBase.java:501) ~[tomcat-embed-core-9.0.44.jar:9.0.44]
	at org.apache.tomcat.util.net.SSLUtilBase.getTrustManagers(SSLUtilBase.java:432) ~[tomcat-embed-core-9.0.44.jar:9.0.44]
	at org.apache.tomcat.util.net.SSLUtilBase.createSSLContext(SSLUtilBase.java:246) ~[tomcat-embed-core-9.0.44.jar:9.0.44]
	at org.apache.tomcat.util.net.AbstractJsseEndpoint.createSSLContext(AbstractJsseEndpoint.java:97) ~[tomcat-embed-core-9.0.44.jar:9.0.44]
	... 27 common frames omitted

2022-12-25 12:30:41.916  INFO 25112 --- [main] com.server.app.ServerAppApplication      : Starting ServerAppApplication using Java 19.0.1 on DESKTOP-H7OS8JA with PID 25112 (D:\eclipse\projects\sample-2way-ssl-server\target\classes started by inpra in D:\eclipse\projects\sample-2way-ssl-server)
2022-12-25 12:30:41.921  INFO 25112 --- [main] com.server.app.ServerAppApplication      : No active profile set, falling back to default profiles: default
2022-12-25 12:30:43.159  INFO 25112 --- [main] o.s.b.w.embedded.tomcat.TomcatWebServer  : Tomcat initialized with port(s): 8443 (https)
2022-12-25 12:30:43.177  INFO 25112 --- [main] o.apache.catalina.core.StandardService   : Starting service [Tomcat]
2022-12-25 12:30:43.178  INFO 25112 --- [main] org.apache.catalina.core.StandardEngine  : Starting Servlet engine: [Apache Tomcat/9.0.44]
2022-12-25 12:30:43.296  INFO 25112 --- [main] o.a.c.c.C.[Tomcat].[localhost].[/]       : Initializing Spring embedded WebApplicationContext
2022-12-25 12:30:43.297  INFO 25112 --- [main] w.s.c.ServletWebServerApplicationContext : Root WebApplicationContext: initialization completed in 1294 ms
2022-12-25 12:30:43.507  INFO 25112 --- [main] o.s.s.concurrent.ThreadPoolTaskExecutor  : Initializing ExecutorService 'applicationTaskExecutor'
2022-12-25 12:30:43.952  WARN 25112 --- [main] ConfigServletWebServerApplicationContext : Exception encountered during context initialization - cancelling refresh attempt: org.springframework.context.ApplicationContextException: Failed to start bean 'webServerStartStop'; nested exception is org.springframework.boot.web.server.WebServerException: Unable to start embedded Tomcat server
2022-12-25 12:30:43.952  INFO 25112 --- [main] o.s.s.concurrent.ThreadPoolTaskExecutor  : Shutting down ExecutorService 'applicationTaskExecutor'
2022-12-25 12:30:43.957  INFO 25112 --- [main] o.apache.catalina.core.StandardService   : Stopping service [Tomcat]
2022-12-25 12:30:43.976  INFO 25112 --- [main] ConditionEvaluationReportLoggingListener : 

Error starting ApplicationContext. To display the conditions report re-run your application with 'debug' enabled.
2022-12-25 12:30:44.002 ERROR 25112 --- [main] o.s.boot.SpringApplication               : Application run failed

org.springframework.context.ApplicationContextException: Failed to start bean 'webServerStartStop'; nested exception is org.springframework.boot.web.server.WebServerException: Unable to start embedded Tomcat server
	at org.springframework.context.support.DefaultLifecycleProcessor.doStart(DefaultLifecycleProcessor.java:181) ~[spring-context-5.3.5.jar:5.3.5]
	at org.springframework.context.support.DefaultLifecycleProcessor.access$200(DefaultLifecycleProcessor.java:54) ~[spring-context-5.3.5.jar:5.3.5]
	at org.springframework.context.support.DefaultLifecycleProcessor$LifecycleGroup.start(DefaultLifecycleProcessor.java:356) ~[spring-context-5.3.5.jar:5.3.5]
	at java.base/java.lang.Iterable.forEach(Iterable.java:75) ~[na:na]
	at org.springframework.context.support.DefaultLifecycleProcessor.startBeans(DefaultLifecycleProcessor.java:155) ~[spring-context-5.3.5.jar:5.3.5]
	at org.springframework.context.support.DefaultLifecycleProcessor.onRefresh(DefaultLifecycleProcessor.java:123) ~[spring-context-5.3.5.jar:5.3.5]
	at org.springframework.context.support.AbstractApplicationContext.finishRefresh(AbstractApplicationContext.java:935) ~[spring-context-5.3.5.jar:5.3.5]
	at org.springframework.context.support.AbstractApplicationContext.refresh(AbstractApplicationContext.java:586) ~[spring-context-5.3.5.jar:5.3.5]
	at org.springframework.boot.web.servlet.context.ServletWebServerApplicationContext.refresh(ServletWebServerApplicationContext.java:144) ~[spring-boot-2.4.4.jar:2.4.4]
	at org.springframework.boot.SpringApplication.refresh(SpringApplication.java:769) ~[spring-boot-2.4.4.jar:2.4.4]
	at org.springframework.boot.SpringApplication.refresh(SpringApplication.java:761) ~[spring-boot-2.4.4.jar:2.4.4]
	at org.springframework.boot.SpringApplication.refreshContext(SpringApplication.java:426) ~[spring-boot-2.4.4.jar:2.4.4]
	at org.springframework.boot.SpringApplication.run(SpringApplication.java:326) ~[spring-boot-2.4.4.jar:2.4.4]
	at org.springframework.boot.SpringApplication.run(SpringApplication.java:1313) ~[spring-boot-2.4.4.jar:2.4.4]
	at org.springframework.boot.SpringApplication.run(SpringApplication.java:1302) ~[spring-boot-2.4.4.jar:2.4.4]
	at com.server.app.ServerAppApplication.main(ServerAppApplication.java:10) ~[classes/:na]
Caused by: org.springframework.boot.web.server.WebServerException: Unable to start embedded Tomcat server
	at org.springframework.boot.web.embedded.tomcat.TomcatWebServer.start(TomcatWebServer.java:229) ~[spring-boot-2.4.4.jar:2.4.4]
	at org.springframework.boot.web.servlet.context.WebServerStartStopLifecycle.start(WebServerStartStopLifecycle.java:43) ~[spring-boot-2.4.4.jar:2.4.4]
	at org.springframework.context.support.DefaultLifecycleProcessor.doStart(DefaultLifecycleProcessor.java:178) ~[spring-context-5.3.5.jar:5.3.5]
	... 15 common frames omitted
Caused by: java.lang.IllegalArgumentException: standardService.connector.startFailed
	at org.apache.catalina.core.StandardService.addConnector(StandardService.java:244) ~[tomcat-embed-core-9.0.44.jar:9.0.44]
	at org.springframework.boot.web.embedded.tomcat.TomcatWebServer.addPreviouslyRemovedConnectors(TomcatWebServer.java:282) ~[spring-boot-2.4.4.jar:2.4.4]
	at org.springframework.boot.web.embedded.tomcat.TomcatWebServer.start(TomcatWebServer.java:213) ~[spring-boot-2.4.4.jar:2.4.4]
	... 17 common frames omitted
Caused by: org.apache.catalina.LifecycleException: Protocol handler start failed
	at org.apache.catalina.connector.Connector.startInternal(Connector.java:1075) ~[tomcat-embed-core-9.0.44.jar:9.0.44]
	at org.apache.catalina.util.LifecycleBase.start(LifecycleBase.java:183) ~[tomcat-embed-core-9.0.44.jar:9.0.44]
	at org.apache.catalina.core.StandardService.addConnector(StandardService.java:240) ~[tomcat-embed-core-9.0.44.jar:9.0.44]
	... 19 common frames omitted
Caused by: java.lang.IllegalArgumentException: the trustAnchors parameter must be non-empty
	at org.apache.tomcat.util.net.AbstractJsseEndpoint.createSSLContext(AbstractJsseEndpoint.java:99) ~[tomcat-embed-core-9.0.44.jar:9.0.44]
	at org.apache.tomcat.util.net.AbstractJsseEndpoint.initialiseSsl(AbstractJsseEndpoint.java:71) ~[tomcat-embed-core-9.0.44.jar:9.0.44]
	at org.apache.tomcat.util.net.NioEndpoint.bind(NioEndpoint.java:258) ~[tomcat-embed-core-9.0.44.jar:9.0.44]
	at org.apache.tomcat.util.net.AbstractEndpoint.bindWithCleanup(AbstractEndpoint.java:1204) ~[tomcat-embed-core-9.0.44.jar:9.0.44]
	at org.apache.tomcat.util.net.AbstractEndpoint.start(AbstractEndpoint.java:1290) ~[tomcat-embed-core-9.0.44.jar:9.0.44]
	at org.apache.coyote.AbstractProtocol.start(AbstractProtocol.java:614) ~[tomcat-embed-core-9.0.44.jar:9.0.44]
	at org.apache.catalina.connector.Connector.startInternal(Connector.java:1072) ~[tomcat-embed-core-9.0.44.jar:9.0.44]
	... 21 common frames omitted
Caused by: java.security.InvalidAlgorithmParameterException: the trustAnchors parameter must be non-empty
	at java.base/java.security.cert.PKIXParameters.setTrustAnchors(PKIXParameters.java:200) ~[na:na]
	at java.base/java.security.cert.PKIXParameters.<init>(PKIXParameters.java:157) ~[na:na]
	at java.base/java.security.cert.PKIXBuilderParameters.<init>(PKIXBuilderParameters.java:130) ~[na:na]
	at org.apache.tomcat.util.net.SSLUtilBase.getParameters(SSLUtilBase.java:501) ~[tomcat-embed-core-9.0.44.jar:9.0.44]
	at org.apache.tomcat.util.net.SSLUtilBase.getTrustManagers(SSLUtilBase.java:432) ~[tomcat-embed-core-9.0.44.jar:9.0.44]
	at org.apache.tomcat.util.net.SSLUtilBase.createSSLContext(SSLUtilBase.java:246) ~[tomcat-embed-core-9.0.44.jar:9.0.44]
	at org.apache.tomcat.util.net.AbstractJsseEndpoint.createSSLContext(AbstractJsseEndpoint.java:97) ~[tomcat-embed-core-9.0.44.jar:9.0.44]
	... 27 common frames omitted

